C251 COMPILER V5.60.0,  ADC                                                                21/06/23  23:51:48  PAGE 1   


C251 COMPILER V5.60.0, COMPILATION OF MODULE ADC
OBJECT MODULE PLACED IN .\Objects\ADC.obj
COMPILER INVOKED BY: D:\keil5\C251\BIN\C251.EXE ADC.c INTR2 BROWSE DEBUG PRINT(.\Listings\ADC.lst) TABS(2) OBJECT(.\Obje
                    -cts\ADC.obj) 

stmt  level    source

    1          #include <ADC.h>
    2           
    3          uchar qian=0,bai=0,shi=0,ge=0;
    4           
    5          void InitADC()        //adc初始化
    6          {
    7   1        ADCTIM=0x3f;       //设置ADC内部时序
    8   1        ADCCFG=0x2f;       //设置ADC时钟为系统时钟/2/16
    9   1        ADC_CONTR=0x06;    //设置ADC端口为P1.6
   10   1        ADC_POWER=1;       //打开ADC电源
   11   1        ADC_RES = 0;       //清空ADC数据
   12   1      }
   13          
   14          uint GetADCResult()   //adc开始采样
   15          {
   16   1        ADC_START=1;//启动AD转换
   17   1        _nop_();
   18   1        _nop_();
   19   1        while (!ADC_FLAG);//查询ADC完成标志
   20   1        ADC_FLAG=0;//清完成标志
   21   1       
   22   1        return (ADC_RES<<8)|ADC_RESL;
   23   1      }
   24           
   25          float AD_average()    //平均滤波
   26          {
   27   1        int i;
   28   1        float value=0;
   29   1       
   30   1        for(i=0;i<300;i++)
   31   1        {
   32   2          value+=GetADCResult();   //1000次采样
   33   2        }
   34   1        value/=300;      //求平均
   35   1        value=value*5.0/4096; //根据官方手册的公式，ADC端口电压=12位ADC结果*参考电压/4096
   36   1        return value;
   37   1      }
   38           
   39          void DisplayADCResult()   //adc显示
   40          {
   41   1        float ADResult;
   42   1        uint Result;
   43   1       
   44   1        ADResult=AD_average()*1000;
   45   1        Result=(int)ADResult;
   46   1        
   47   1        qian=Result/1000;    //数据分离
   48   1        bai=Result%1000/100; //百位为小数点前一位，十位为小数点后一位，个位为小数点后两位
   49   1        shi=Result%100/10;      //单位为伏
   50   1        ge=Result%10;
   51   1      }


Module Information          Static   Overlayable
------------------------------------------------
  code size            =       192     ------
  ecode size           =    ------     ------
  data size            =         4          2
  idata size           =    ------     ------
C251 COMPILER V5.60.0,  ADC                                                                21/06/23  23:51:48  PAGE 2   

  pdata size           =    ------     ------
  xdata size           =    ------     ------
  xdata-const size     =    ------     ------
  edata size           =    ------     ------
  bit size             =    ------     ------
  ebit size            =    ------     ------
  bitaddressable size  =    ------     ------
  ebitaddressable size =    ------     ------
  far data size        =    ------     ------
  huge data size       =    ------     ------
  const size           =    ------     ------
  hconst size          =    ------     ------
End of Module Information.


C251 COMPILATION COMPLETE.  0 WARNING(S),  0 ERROR(S)
