C251 COMPILER V5.60.0,  main                                                               21/06/23  23:51:47  PAGE 1   


C251 COMPILER V5.60.0, COMPILATION OF MODULE main
OBJECT MODULE PLACED IN .\Objects\main.obj
COMPILER INVOKED BY: D:\keil5\C251\BIN\C251.EXE main.c INTR2 BROWSE DEBUG PRINT(.\Listings\main.lst) TABS(2) OBJECT(.\Ob
                    -jects\main.obj) 

stmt  level    source

    1          //              GND    电源地
    2          //              VCC  接5V或3.3v电源
    3          //              D0   P1^0（SCL）
    4          //              D1   P1^1（SDA）
    5          //              RES  接P12
    6          //              DC   接P13
    7          //              CS   接P14               
    8          
    9          
   10          //      adc转换引脚P0^4;
   11          #include "STC32G.h"
   12          #include "oled.h"
   13          #include "ADC.h"
   14          
   15          int value=0;
   16           int main(void)
   17           {  
   18   1            P0M1 = 0x00;   P0M0 = 0x00; 
   19   1            P1M1 = 0xc0;   P1M0 = 0x00; 
   20   1            P2M1 = 0x00;   P2M0 = 0x00; 
   21   1            P3M1 = 0x00;   P3M0 = 0x00; 
   22   1            P4M1 = 0x00;   P4M0 = 0x00; 
   23   1            P5M1 = 0x00;   P5M0 = 0x00; 
   24   1            P6M1 = 0x00;   P6M0 = 0x00; 
   25   1            P7M1 = 0x00;   P7M0 = 0x00; 
   26   1        
   27   1            OLED_Init();      //初始化OLED  
   28   1            OLED_Clear(); 
   29   1        
   30   1        while(1) 
   31   1        {     
   32   2      
   33   2          InitADC();
*** WARNING C140 IN LINE 33 OF main.c: 'InitADC' undefined; assuming 'extern int InitADC()'
   34   2          GetADCResult();
   35   2          AD_average();
   36   2          DisplayADCResult();
   37   2          value=qian*1000+bai*100+shi*10+ge;
   38   2          OLED_ShowNum(12,3,qian,1,16);
   39   2          OLED_ShowCHinese(28,3,11);//.
   40   2          OLED_ShowNum(44,3,bai,1,16);
   41   2          OLED_ShowNum(60,3,shi,1,16);
   42   2          OLED_ShowNum(76,3,ge,1,16);
   43   2          
   44   2        }   
   45   1        
   46   1      }
   47            


Module Information          Static   Overlayable
------------------------------------------------
  code size            =       199     ------
  ecode size           =    ------     ------
  data size            =         2     ------
  idata size           =    ------     ------
  pdata size           =    ------     ------
  xdata size           =    ------     ------
  xdata-const size     =    ------     ------
C251 COMPILER V5.60.0,  main                                                               21/06/23  23:51:47  PAGE 2   

  edata size           =    ------     ------
  bit size             =    ------     ------
  ebit size            =    ------     ------
  bitaddressable size  =    ------     ------
  ebitaddressable size =    ------     ------
  far data size        =    ------     ------
  huge data size       =    ------     ------
  const size           =    ------     ------
  hconst size          =    ------     ------
End of Module Information.


C251 COMPILATION COMPLETE.  1 WARNING(S),  0 ERROR(S)
